Using pre-set license
Built from '2020.3/release' branch; Version is '2020.3.2f1 (8fd9074bf66c) revision 9427207'; Using compiler version '192528614'; Build Type 'Release'
OS: 'Windows 10 Home; OS build 19042.985; Version 2009; 64bit' Language: 'it' Physical Memory: 16299 MB
BatchMode: 1, IsHumanControllingUs: 0, StartBugReporterOnCrash: 0, Is64bit: 1, IsPro: 0

 COMMAND LINE ARGUMENTS:
C:\Program Files\Unity\Hub\Editor\2020.3.2f1\Editor\Unity.exe
-adb2
-batchMode
-noUpm
-name
AssetImportWorker0
-projectPath
C:/Users/Red/Documents/GitHub/AllThatGlitters/AllThatGlitters
-logFile
Logs/AssetImportWorker0.log
-srvPort
63201
Successfully changed project path to: C:/Users/Red/Documents/GitHub/AllThatGlitters/AllThatGlitters
C:/Users/Red/Documents/GitHub/AllThatGlitters/AllThatGlitters
Using Asset Import Pipeline V2.
Refreshing native plugins compatible for Editor in 351.56 ms, found 0 plugins.
Preloading 0 native plugins for Editor in 0.00 ms.
Initialize engine version: 2020.3.2f1 (8fd9074bf66c)
[Subsystems] Discovering subsystems at path C:/Program Files/Unity/Hub/Editor/2020.3.2f1/Editor/Data/Resources/UnitySubsystems
[Subsystems] Discovering subsystems at path C:/Users/Red/Documents/GitHub/AllThatGlitters/AllThatGlitters/Assets
GfxDevice: creating device client; threaded=0
Direct3D:
    Version:  Direct3D 11.0 [level 11.1]
    Renderer: NVIDIA GeForce RTX 2060 SUPER (ID=0x1f06)
    Vendor:   
    VRAM:     8031 MB
    Driver:   27.21.14.6230
Initialize mono
Mono path[0] = 'C:/Program Files/Unity/Hub/Editor/2020.3.2f1/Editor/Data/Managed'
Mono path[1] = 'C:/Program Files/Unity/Hub/Editor/2020.3.2f1/Editor/Data/MonoBleedingEdge/lib/mono/unityjit'
Mono config path = 'C:/Program Files/Unity/Hub/Editor/2020.3.2f1/Editor/Data/MonoBleedingEdge/etc'
Using monoOptions --debugger-agent=transport=dt_socket,embedding=1,server=y,suspend=n,address=127.0.0.1:56724
Begin MonoManager ReloadAssembly
Registering precompiled unity dll's ...
Register platform support module: C:/Program Files/Unity/Hub/Editor/2020.3.2f1/Editor/Data/PlaybackEngines/WindowsStandaloneSupport/UnityEditor.WindowsStandalone.Extensions.dll
Registered in 0.001463 seconds.
Native extension for WindowsStandalone target not found
Refreshing native plugins compatible for Editor in 36.62 ms, found 0 plugins.
Preloading 0 native plugins for Editor in 0.00 ms.
Invoked RoslynAnalysisRunner static constructor.
RoslynAnalysisRunner will not be running.
RoslynAnalysisRunner has terminated.
Mono: successfully reloaded assembly
- Completed reload, in  1.076 seconds
Platform modules already initialized, skipping
Registering precompiled user dll's ...
Registered in 0.001266 seconds.
Begin MonoManager ReloadAssembly
Native extension for WindowsStandalone target not found
Refreshing native plugins compatible for Editor in 35.80 ms, found 0 plugins.
Preloading 0 native plugins for Editor in 0.00 ms.
Invoked RoslynAnalysisRunner static constructor.
RoslynAnalysisRunner will not be running.
RoslynAnalysisRunner has terminated.
Mono: successfully reloaded assembly
- Completed reload, in  0.764 seconds
Platform modules already initialized, skipping
========================================================================
Worker process is ready to serve import requests
Shader 'Universal Render Pipeline/Particles/Lit': fallback shader 'Universal Render Pipeline/Particles/SimpleLit' not found
Shader 'Universal Render Pipeline/Particles/Lit': fallback shader 'Universal Render Pipeline/Particles/SimpleLit' not found
Launched and connected shader compiler UnityShaderCompiler.exe after 0.05 seconds
Refreshing native plugins compatible for Editor in 0.34 ms, found 0 plugins.
Preloading 0 native plugins for Editor in 0.00 ms.
Unloading 2421 Unused Serialized files (Serialized files now loaded: 0)
System memory in use before: 113.4 MB.
System memory in use after: 110.6 MB.

Unloading 45 unused Assets to reduce memory usage. Loaded Objects now: 2827.
Total: 3.007100 ms (FindLiveObjects: 0.269800 ms CreateObjectMapping: 0.188300 ms MarkObjects: 1.473500 ms  DeleteObjects: 1.074700 ms)

========================================================================
Received Import Request.
  path: Assets/Readme.asset
  artifactKey: Guid(83c2ed844a8c74b779a4c823d16594b1) Importer(815301076,1909f56bfc062723c751e8b465ee728b)
Start importing Assets/Readme.asset using Guid(83c2ed844a8c74b779a4c823d16594b1) Importer(815301076,1909f56bfc062723c751e8b465ee728b)  -> (artifact id: '76da366aee205517589073b18f08326b') in 0.025343 seconds
  Import took 0.028453 seconds .

========================================================================
Received Import Request.
  Time since last request: 3169.511871 seconds.
  path: Assets/Scenes
  artifactKey: Guid(af8a2e5d22fa57140a44f635f451df05) Importer(815301076,1909f56bfc062723c751e8b465ee728b)
Start importing Assets/Scenes using Guid(af8a2e5d22fa57140a44f635f451df05) Importer(815301076,1909f56bfc062723c751e8b465ee728b)  -> (artifact id: 'aa881748ef99fb136b0737e0fb6b9933') in 0.005721 seconds
  Import took 0.009099 seconds .

========================================================================
Received Import Request.
  Time since last request: 0.001679 seconds.
  path: Assets/Scenes
  artifactKey: Guid(af8a2e5d22fa57140a44f635f451df05) Importer(815301076,1909f56bfc062723c751e8b465ee728b)
Start importing Assets/Scenes using Guid(af8a2e5d22fa57140a44f635f451df05) Importer(815301076,1909f56bfc062723c751e8b465ee728b)  -> (artifact id: 'aa881748ef99fb136b0737e0fb6b9933') in 0.002051 seconds
  Import took 0.005265 seconds .

========================================================================
Received Import Request.
  Time since last request: 8.044360 seconds.
  path: Assets/Scenes/Main.unity
  artifactKey: Guid(129076228e2653b428557ea6eb99fec7) Importer(815301076,1909f56bfc062723c751e8b465ee728b)
Start importing Assets/Scenes/Main.unity using Guid(129076228e2653b428557ea6eb99fec7) Importer(815301076,1909f56bfc062723c751e8b465ee728b)  -> (artifact id: 'a0420f7b1dac0642d9966d294d0cea6e') in 0.007764 seconds
  Import took 0.011435 seconds .

========================================================================
Received Import Request.
  Time since last request: 1.893101 seconds.
  path: Assets/Scenes/SampleScene.unity
  artifactKey: Guid(d1c3109bdb54ad54c8a2b2838528e640) Importer(815301076,1909f56bfc062723c751e8b465ee728b)
Start importing Assets/Scenes/SampleScene.unity using Guid(d1c3109bdb54ad54c8a2b2838528e640) Importer(815301076,1909f56bfc062723c751e8b465ee728b)  -> (artifact id: 'ac93e4a534e27344f955f06fd45787a0') in 0.005877 seconds
  Import took 0.008947 seconds .

========================================================================
Received Import Request.
  Time since last request: 9.005427 seconds.
  path: Assets/Presets/AudioCompressedInMemory.preset
  artifactKey: Guid(2dd802e4d37c65149922028d3e973832) Importer(815301076,1909f56bfc062723c751e8b465ee728b)
Start importing Assets/Presets/AudioCompressedInMemory.preset using Guid(2dd802e4d37c65149922028d3e973832) Importer(815301076,1909f56bfc062723c751e8b465ee728b)  -> (artifact id: '2b603793a92a039d9d6f5de358c31caf') in 0.007066 seconds
  Import took 0.010217 seconds .

========================================================================
Received Import Request.
  Time since last request: 0.000254 seconds.
  path: Assets/Presets/AudioStreaming.preset
  artifactKey: Guid(86bcce7f5575b54408aa0f3a7d321039) Importer(815301076,1909f56bfc062723c751e8b465ee728b)
Start importing Assets/Presets/AudioStreaming.preset using Guid(86bcce7f5575b54408aa0f3a7d321039) Importer(815301076,1909f56bfc062723c751e8b465ee728b)  -> (artifact id: '613c6b83e04d5b0ce9778fb0872349e3') in 0.005749 seconds
  Import took 0.008641 seconds .

========================================================================
Received Import Request.
  Time since last request: 0.000314 seconds.
  path: Assets/Presets/NormalTexture.preset
  artifactKey: Guid(14a57cf3b9fa1c74b884aa7e0dcf1faa) Importer(815301076,1909f56bfc062723c751e8b465ee728b)
Start importing Assets/Presets/NormalTexture.preset using Guid(14a57cf3b9fa1c74b884aa7e0dcf1faa) Importer(815301076,1909f56bfc062723c751e8b465ee728b)  -> (artifact id: 'bb6d28ed510da37b32a524a48d19eb85') in 0.008929 seconds
  Import took 0.012056 seconds .

========================================================================
Received Import Request.
  Time since last request: 0.000248 seconds.
  path: Assets/Presets/UtilityTexture.preset
  artifactKey: Guid(45f7b2e3c78185248b3adbb14429c2ab) Importer(815301076,1909f56bfc062723c751e8b465ee728b)
Start importing Assets/Presets/UtilityTexture.preset using Guid(45f7b2e3c78185248b3adbb14429c2ab) Importer(815301076,1909f56bfc062723c751e8b465ee728b)  -> (artifact id: '10a31f34f56070bfb676fc9d8e9ca19d') in 0.006734 seconds
  Import took 0.009909 seconds .

========================================================================
Received Import Request.
  Time since last request: 0.003941 seconds.
  path: Assets/Presets/UtilityTexture.preset
  artifactKey: Guid(45f7b2e3c78185248b3adbb14429c2ab) Importer(815301076,1909f56bfc062723c751e8b465ee728b)
Start importing Assets/Presets/UtilityTexture.preset using Guid(45f7b2e3c78185248b3adbb14429c2ab) Importer(815301076,1909f56bfc062723c751e8b465ee728b)  -> (artifact id: '10a31f34f56070bfb676fc9d8e9ca19d') in 0.003156 seconds
  Import took 0.006462 seconds .

========================================================================
Received Import Request.
  Time since last request: 2.535548 seconds.
  path: Assets/Settings/ForwardRenderer.asset
  artifactKey: Guid(4a8e21d5c33334b11b34a596161b9360) Importer(815301076,1909f56bfc062723c751e8b465ee728b)
Start importing Assets/Settings/ForwardRenderer.asset using Guid(4a8e21d5c33334b11b34a596161b9360) Importer(815301076,1909f56bfc062723c751e8b465ee728b)  -> (artifact id: '0e86c30da61fd48dcd173776ff16ee8c') in 0.007503 seconds
  Import took 0.010809 seconds .

========================================================================
Received Import Request.
  Time since last request: 0.000242 seconds.
  path: Assets/Settings/SampleSceneProfile.asset
  artifactKey: Guid(10fc4df2da32a41aaa32d77bc913491c) Importer(815301076,1909f56bfc062723c751e8b465ee728b)
Start importing Assets/Settings/SampleSceneProfile.asset using Guid(10fc4df2da32a41aaa32d77bc913491c) Importer(815301076,1909f56bfc062723c751e8b465ee728b)  -> (artifact id: '939d6f60f0cbf12c702b6c8a4a68da13') in 0.014768 seconds
  Import took 0.017798 seconds .

========================================================================
Received Import Request.
  Time since last request: 0.000236 seconds.
  path: Assets/Settings/UniversalRP-LowQuality.asset
  artifactKey: Guid(a31e9f9f9c9d4b9429ed0d1234e22103) Importer(815301076,1909f56bfc062723c751e8b465ee728b)
Start importing Assets/Settings/UniversalRP-LowQuality.asset using Guid(a31e9f9f9c9d4b9429ed0d1234e22103) Importer(815301076,1909f56bfc062723c751e8b465ee728b)  -> (artifact id: 'c6ee24be97af961266b1eff6010077a0') in 0.006873 seconds
  Import took 0.009934 seconds .

========================================================================
Received Import Request.
  Time since last request: 0.000240 seconds.
  path: Assets/Settings/UniversalRP-MediumQuality.asset
  artifactKey: Guid(d847b876476d3d6468f5dfcd34266f96) Importer(815301076,1909f56bfc062723c751e8b465ee728b)
Start importing Assets/Settings/UniversalRP-MediumQuality.asset using Guid(d847b876476d3d6468f5dfcd34266f96) Importer(815301076,1909f56bfc062723c751e8b465ee728b)  -> (artifact id: 'f763ac5848d70bb2c362553fc7d85482') in 0.006713 seconds
  Import took 0.010006 seconds .

========================================================================
Received Import Request.
  Time since last request: 0.000246 seconds.
  path: Assets/Settings/UniversalRP-HighQuality.asset
  artifactKey: Guid(19ba41d7c0026c3459d37c2fe90c55a0) Importer(815301076,1909f56bfc062723c751e8b465ee728b)
Start importing Assets/Settings/UniversalRP-HighQuality.asset using Guid(19ba41d7c0026c3459d37c2fe90c55a0) Importer(815301076,1909f56bfc062723c751e8b465ee728b)  -> (artifact id: '3c20af6cf8e409c1f4516ca2ed44222c') in 0.006938 seconds
  Import took 0.010207 seconds .

========================================================================
Received Import Request.
  Time since last request: 1.058722 seconds.
  path: Assets/Scripts/SimpleCameraController.cs
  artifactKey: Guid(be76e5f14cfee674cb30b491fb72b09b) Importer(815301076,1909f56bfc062723c751e8b465ee728b)
Start importing Assets/Scripts/SimpleCameraController.cs using Guid(be76e5f14cfee674cb30b491fb72b09b) Importer(815301076,1909f56bfc062723c751e8b465ee728b)  -> (artifact id: '55f8fdac16313f6ea86f41cdaa3ca1a0') in 0.011921 seconds
  Import took 0.015103 seconds .

========================================================================
Received Import Request.
  Time since last request: 0.001937 seconds.
  path: Assets/Scripts/SimpleCameraController.cs
  artifactKey: Guid(be76e5f14cfee674cb30b491fb72b09b) Importer(815301076,1909f56bfc062723c751e8b465ee728b)
Start importing Assets/Scripts/SimpleCameraController.cs using Guid(be76e5f14cfee674cb30b491fb72b09b) Importer(815301076,1909f56bfc062723c751e8b465ee728b)  -> (artifact id: '55f8fdac16313f6ea86f41cdaa3ca1a0') in 0.002274 seconds
  Import took 0.005420 seconds .

========================================================================
Received Prepare
Registering precompiled user dll's ...
Registered in 0.001053 seconds.
Begin MonoManager ReloadAssembly
Native extension for WindowsStandalone target not found
Refreshing native plugins compatible for Editor in 0.34 ms, found 0 plugins.
Preloading 0 native plugins for Editor in 0.00 ms.
Invoked RoslynAnalysisRunner static constructor.
RoslynAnalysisRunner will not be running.
RoslynAnalysisRunner has terminated.
Mono: successfully reloaded assembly
- Completed reload, in  0.692 seconds
Platform modules already initialized, skipping
Shader 'Universal Render Pipeline/Particles/Lit': fallback shader 'Universal Render Pipeline/Particles/SimpleLit' not found
Shader 'Universal Render Pipeline/Particles/Lit': fallback shader 'Universal Render Pipeline/Particles/SimpleLit' not found
Refreshing native plugins compatible for Editor in 0.34 ms, found 0 plugins.
Preloading 0 native plugins for Editor in 0.00 ms.
Unloading 2347 Unused Serialized files (Serialized files now loaded: 0)
System memory in use before: 109.8 MB.
System memory in use after: 107.1 MB.

Unloading 41 unused Assets to reduce memory usage. Loaded Objects now: 2831.
Total: 2.950000 ms (FindLiveObjects: 0.210800 ms CreateObjectMapping: 0.090200 ms MarkObjects: 1.499300 ms  DeleteObjects: 1.148600 ms)

========================================================================
Received Import Request.
  Time since last request: 15.246753 seconds.
  path: Assets
  artifactKey: Guid(00000000000000001000000000000000) Importer(815301076,1909f56bfc062723c751e8b465ee728b)
Start importing Assets using Guid(00000000000000001000000000000000) Importer(815301076,1909f56bfc062723c751e8b465ee728b)  -> (artifact id: '819a33a9bd799f71faca6db75e8a216c') in 0.008189 seconds
  Import took 0.011292 seconds .

========================================================================
Received Import Request.
  Time since last request: 0.000811 seconds.
  path: Assets
  artifactKey: Guid(00000000000000001000000000000000) Importer(815301076,1909f56bfc062723c751e8b465ee728b)
Start importing Assets using Guid(00000000000000001000000000000000) Importer(815301076,1909f56bfc062723c751e8b465ee728b)  -> (artifact id: '819a33a9bd799f71faca6db75e8a216c') in 0.003268 seconds
  Import took 0.006157 seconds .

========================================================================
Received Import Request.
  Time since last request: 4.602329 seconds.
  path: Assets/Models
  artifactKey: Guid(ba77bb7a529b9bb4a8919354fff403f0) Importer(815301076,1909f56bfc062723c751e8b465ee728b)
Start importing Assets/Models using Guid(ba77bb7a529b9bb4a8919354fff403f0) Importer(815301076,1909f56bfc062723c751e8b465ee728b)  -> (artifact id: '8a3ded7361d905a3bc7e05b7adecc85e') in 0.005332 seconds
  Import took 0.008412 seconds .

========================================================================
Received Import Request.
  Time since last request: 9.985104 seconds.
  path: Assets/Prefabs
  artifactKey: Guid(e6e4d7583cebb5846b688dd6c4e4b542) Importer(815301076,1909f56bfc062723c751e8b465ee728b)
Start importing Assets/Prefabs using Guid(e6e4d7583cebb5846b688dd6c4e4b542) Importer(815301076,1909f56bfc062723c751e8b465ee728b)  -> (artifact id: 'a2f6bef93d1afb0e305d5cfd600ea55c') in 0.005706 seconds
  Import took 0.008783 seconds .

========================================================================
Received Import Request.
  Time since last request: 87.666351 seconds.
  path: Assets/Textures
  artifactKey: Guid(d65a367c18f1c7e42b63cfd2e621f96c) Importer(815301076,1909f56bfc062723c751e8b465ee728b)
Start importing Assets/Textures using Guid(d65a367c18f1c7e42b63cfd2e621f96c) Importer(815301076,1909f56bfc062723c751e8b465ee728b)  -> (artifact id: '2ba98498570cededd6ff90dd4ba0a801') in 0.005986 seconds
  Import took 0.009385 seconds .

========================================================================
Received Import Request.
  Time since last request: 10.798834 seconds.
  path: Assets/Prototype
  artifactKey: Guid(c3005076b4e93ac4e855dbd23a7dec17) Importer(815301076,1909f56bfc062723c751e8b465ee728b)
Start importing Assets/Prototype using Guid(c3005076b4e93ac4e855dbd23a7dec17) Importer(815301076,1909f56bfc062723c751e8b465ee728b)  -> (artifact id: '1083d6da6d0aa168a7779f07b310b278') in 0.006983 seconds
  Import took 0.010045 seconds .

========================================================================
Received Import Request.
  Time since last request: 4.772420 seconds.
  path: Assets/Prototype/LucaV
  artifactKey: Guid(c6bbe44293636354e83362273fe4d5c1) Importer(815301076,1909f56bfc062723c751e8b465ee728b)
Start importing Assets/Prototype/LucaV using Guid(c6bbe44293636354e83362273fe4d5c1) Importer(815301076,1909f56bfc062723c751e8b465ee728b)  -> (artifact id: '66544b1331a496be32da64c24ca3e7e6') in 0.005208 seconds
  Import took 0.008331 seconds .

